Using pre-set license
Built from '2020.3/staging' branch; Version is '2020.3.23f1 (c5d91304a876) revision 12966163'; Using compiler version '192528614'; Build Type 'Release'
OS: 'Windows 10 Home; OS build 19043.1586; Version 2009; 64bit' Language: 'cs' Physical Memory: 16318 MB
BatchMode: 1, IsHumanControllingUs: 0, StartBugReporterOnCrash: 0, Is64bit: 1, IsPro: 0

COMMAND LINE ARGUMENTS:
D:\Program Files\Unity\Hub\Editor\2020.3.23f1\Editor\Unity.exe
-adb2
-batchMode
-noUpm
-name
AssetImportWorker0
-projectPath
D:/Users/42073/develop to help jam
-logFile
Logs/AssetImportWorker0.log
-srvPort
53344
Successfully changed project path to: D:/Users/42073/develop to help jam
D:/Users/42073/develop to help jam
Using Asset Import Pipeline V2.
Refreshing native plugins compatible for Editor in 54.22 ms, found 3 plugins.
Preloading 0 native plugins for Editor in 0.00 ms.
Initialize engine version: 2020.3.23f1 (c5d91304a876)
[Subsystems] Discovering subsystems at path D:/Program Files/Unity/Hub/Editor/2020.3.23f1/Editor/Data/Resources/UnitySubsystems
[Subsystems] Discovering subsystems at path D:/Users/42073/develop to help jam/Assets
GfxDevice: creating device client; threaded=0
Direct3D:
    Version:  Direct3D 11.0 [level 11.1]
    Renderer: NVIDIA GeForce GTX 1050 Ti (ID=0x1c82)
    Vendor:   
    VRAM:     4018 MB
    Driver:   30.0.15.1215
Initialize mono
Mono path[0] = 'D:/Program Files/Unity/Hub/Editor/2020.3.23f1/Editor/Data/Managed'
Mono path[1] = 'D:/Program Files/Unity/Hub/Editor/2020.3.23f1/Editor/Data/MonoBleedingEdge/lib/mono/unityjit'
Mono config path = 'D:/Program Files/Unity/Hub/Editor/2020.3.23f1/Editor/Data/MonoBleedingEdge/etc'
Using monoOptions --debugger-agent=transport=dt_socket,embedding=1,server=y,suspend=n,address=127.0.0.1:56156
Begin MonoManager ReloadAssembly
Registering precompiled unity dll's ...
Register platform support module: D:/Program Files/Unity/Hub/Editor/2020.3.23f1/Editor/Data/PlaybackEngines/WebGLSupport/UnityEditor.WebGL.Extensions.dll
Register platform support module: D:/Program Files/Unity/Hub/Editor/2020.3.23f1/Editor/Data/PlaybackEngines/WindowsStandaloneSupport/UnityEditor.WindowsStandalone.Extensions.dll
Registered in 0.001822 seconds.
Native extension for WindowsStandalone target not found
Native extension for WebGL target not found
Refreshing native plugins compatible for Editor in 49.57 ms, found 3 plugins.
Preloading 0 native plugins for Editor in 0.00 ms.
Mono: successfully reloaded assembly
- Completed reload, in  0.618 seconds
Domain Reload Profiling:
	ReloadAssembly (618ms)
		BeginReloadAssembly (78ms)
			ExecutionOrderSort (0ms)
			DisableScriptedObjects (0ms)
			BackupInstance (0ms)
			ReleaseScriptingObjects (0ms)
			CreateAndSetChildDomain (1ms)
		EndReloadAssembly (475ms)
			LoadAssemblies (79ms)
			RebuildTransferFunctionScriptingTraits (0ms)
			SetupTypeCache (144ms)
			ReleaseScriptCaches (0ms)
			RebuildScriptCaches (30ms)
			SetupLoadedEditorAssemblies (192ms)
				LogAssemblyErrors (0ms)
				InitializePlatformSupportModulesInManaged (4ms)
				SetLoadedEditorAssemblies (0ms)
				RefreshPlugins (50ms)
				BeforeProcessingInitializeOnLoad (16ms)
				ProcessInitializeOnLoadAttributes (90ms)
				ProcessInitializeOnLoadMethodAttributes (31ms)
				AfterProcessingInitializeOnLoad (0ms)
				EditorAssembliesLoaded (0ms)
			ExecutionOrderSort2 (0ms)
			AwakeInstancesAfterBackupRestoration (0ms)
Platform modules already initialized, skipping
Registering precompiled user dll's ...
Registered in 0.007849 seconds.
Begin MonoManager ReloadAssembly
Native extension for WindowsStandalone target not found
Native extension for WebGL target not found
Refreshing native plugins compatible for Editor in 60.42 ms, found 3 plugins.
Preloading 0 native plugins for Editor in 0.00 ms.
Mono: successfully reloaded assembly
- Completed reload, in  1.237 seconds
Domain Reload Profiling:
	ReloadAssembly (1238ms)
		BeginReloadAssembly (173ms)
			ExecutionOrderSort (0ms)
			DisableScriptedObjects (4ms)
			BackupInstance (0ms)
			ReleaseScriptingObjects (0ms)
			CreateAndSetChildDomain (18ms)
		EndReloadAssembly (1005ms)
			LoadAssemblies (147ms)
			RebuildTransferFunctionScriptingTraits (0ms)
			SetupTypeCache (311ms)
			ReleaseScriptCaches (1ms)
			RebuildScriptCaches (69ms)
			SetupLoadedEditorAssemblies (384ms)
				LogAssemblyErrors (0ms)
				InitializePlatformSupportModulesInManaged (5ms)
				SetLoadedEditorAssemblies (0ms)
				RefreshPlugins (61ms)
				BeforeProcessingInitializeOnLoad (77ms)
				ProcessInitializeOnLoadAttributes (222ms)
				ProcessInitializeOnLoadMethodAttributes (17ms)
				AfterProcessingInitializeOnLoad (2ms)
				EditorAssembliesLoaded (0ms)
			ExecutionOrderSort2 (0ms)
			AwakeInstancesAfterBackupRestoration (7ms)
Platform modules already initialized, skipping
========================================================================
Worker process is ready to serve import requests
Launched and connected shader compiler UnityShaderCompiler.exe after 0.12 seconds
Refreshing native plugins compatible for Editor in 0.53 ms, found 3 plugins.
Preloading 0 native plugins for Editor in 0.00 ms.
Unloading 2499 Unused Serialized files (Serialized files now loaded: 0)
System memory in use before: 107.6 MB.
System memory in use after: 107.8 MB.

Unloading 30 unused Assets to reduce memory usage. Loaded Objects now: 2935.
Total: 3.416200 ms (FindLiveObjects: 0.256200 ms CreateObjectMapping: 0.131400 ms MarkObjects: 2.950600 ms  DeleteObjects: 0.076800 ms)

AssetImportParameters requested are different than current active one (requested -> active):
  custom:framework-win-MediaFoundation: 216162199b28c13a410421893ffa2e32 -> 
  custom:video-decoder-ogg-theora: a1e56fd34408186e4bbccfd4996cb3dc -> 
  custom:container-muxer-webm: aa71ff27fc2769a1b78a27578f13a17b -> 
  custom:container-demuxer-webm: 4f35f7cbe854078d1ac9338744f61a02 -> 
  custom:container-demuxer-ogg: 62fdf1f143b41e24485cea50d1cbac27 -> 
  custom:video-encoder-webm-vp8: eb34c28f22e8b96e1ab97ce403110664 -> 
  custom:video-decoder-webm-vp8: 9c59270c3fd7afecdb556c50c9e8de78 -> 
  custom:audio-decoder-ogg-vorbis: bf7c407c2cedff20999df2af8eb42d56 -> 
  custom:audio-encoder-webm-vorbis: bf7c407c2cedff20999df2af8eb42d56 -> 
========================================================================
Received Import Request.
  path: Assets/spike.png
  artifactKey: Guid(a7c96950ac237a744b8ecd68c2f46050) Importer(815301076,1909f56bfc062723c751e8b465ee728b)
Start importing Assets/spike.png using Guid(a7c96950ac237a744b8ecd68c2f46050) Importer(815301076,1909f56bfc062723c751e8b465ee728b)  -> (artifact id: '64c590ab24a69af8fca6f2699777ed91') in 0.190890 seconds 
  Import took 0.216650 seconds .

========================================================================
Received Import Request.
  Time since last request: 0.000348 seconds.
  path: Assets/bullet7.png
  artifactKey: Guid(2ef131f46eac1ca49808d27de7f15760) Importer(815301076,1909f56bfc062723c751e8b465ee728b)
Start importing Assets/bullet7.png using Guid(2ef131f46eac1ca49808d27de7f15760) Importer(815301076,1909f56bfc062723c751e8b465ee728b)  -> (artifact id: '1675633e85d451b5887b9ae0e9c9ad64') in 0.047129 seconds 
  Import took 0.082289 seconds .

========================================================================
Received Import Request.
  Time since last request: 0.000295 seconds.
  path: Assets/bullet3.png
  artifactKey: Guid(5c9eb531ae0cf5b4fab01d2c2911ce36) Importer(815301076,1909f56bfc062723c751e8b465ee728b)
Start importing Assets/bullet3.png using Guid(5c9eb531ae0cf5b4fab01d2c2911ce36) Importer(815301076,1909f56bfc062723c751e8b465ee728b)  -> (artifact id: '79452c86910cc6daf9abd1dd85e9acd7') in 0.058749 seconds 
  Import took 0.084422 seconds .

========================================================================
Received Import Request.
  Time since last request: 0.000370 seconds.
  path: Assets/boss1.png
  artifactKey: Guid(366a8f0cf16ca48498e3ef6a936cc2d1) Importer(815301076,1909f56bfc062723c751e8b465ee728b)
Start importing Assets/boss1.png using Guid(366a8f0cf16ca48498e3ef6a936cc2d1) Importer(815301076,1909f56bfc062723c751e8b465ee728b)  -> (artifact id: 'c59f5c9298cbdd967b247702590f4063') in 0.018247 seconds 
  Import took 0.042049 seconds .

========================================================================
Received Import Request.
  Time since last request: 0.000242 seconds.
  path: Assets/glowtest2.png
  artifactKey: Guid(abf2a8dd16d499a4da92659743df1a76) Importer(815301076,1909f56bfc062723c751e8b465ee728b)
Start importing Assets/glowtest2.png using Guid(abf2a8dd16d499a4da92659743df1a76) Importer(815301076,1909f56bfc062723c751e8b465ee728b)  -> (artifact id: '73dc4654cdf8e327bc5cdb028f77fee7') in 0.075479 seconds 
  Import took 0.102047 seconds .

========================================================================
Received Import Request.
  Time since last request: 0.000389 seconds.
  path: Assets/PlayerPeices.png
  artifactKey: Guid(ac6c9d74066c7cc4d81983645ca29d8a) Importer(815301076,1909f56bfc062723c751e8b465ee728b)
Start importing Assets/PlayerPeices.png using Guid(ac6c9d74066c7cc4d81983645ca29d8a) Importer(815301076,1909f56bfc062723c751e8b465ee728b)  -> (artifact id: '1217cba1c67f8fe291aa3c41402d17d5') in 0.181445 seconds 
  Import took 0.203255 seconds .

========================================================================
Received Import Request.
  Time since last request: 0.000378 seconds.
  path: Assets/Square.png
  artifactKey: Guid(7a84857f603e6aa4ea4d12c650d92178) Importer(815301076,1909f56bfc062723c751e8b465ee728b)
Start importing Assets/Square.png using Guid(7a84857f603e6aa4ea4d12c650d92178) Importer(815301076,1909f56bfc062723c751e8b465ee728b)  -> (artifact id: 'b3bb5a53cf44faf02e84d434e2fd4018') in 0.017095 seconds 
  Import took 0.022595 seconds .

========================================================================
Received Import Request.
  Time since last request: 0.000465 seconds.
  path: Assets/bossFinal.png
  artifactKey: Guid(34b55bee399ec8c46811aabb6a768d99) Importer(815301076,1909f56bfc062723c751e8b465ee728b)
Start importing Assets/bossFinal.png using Guid(34b55bee399ec8c46811aabb6a768d99) Importer(815301076,1909f56bfc062723c751e8b465ee728b)  -> (artifact id: '8d58c2543c683d3bcacbc12584adef6f') in 0.017404 seconds 
  Import took 0.047655 seconds .

========================================================================
Received Import Request.
  Time since last request: 0.000280 seconds.
  path: Assets/bullet8.png
  artifactKey: Guid(c37e0d55c4621ba4886f914bb32d5ab7) Importer(815301076,1909f56bfc062723c751e8b465ee728b)
Start importing Assets/bullet8.png using Guid(c37e0d55c4621ba4886f914bb32d5ab7) Importer(815301076,1909f56bfc062723c751e8b465ee728b)  -> (artifact id: '7ae946484b30d9d989a251b7bdfd5d4d') in 0.016112 seconds 
  Import took 0.037948 seconds .

========================================================================
Received Import Request.
  Time since last request: 0.000264 seconds.
  path: Assets/bullet4.png
  artifactKey: Guid(e796a2e0896bb504db7fd46f64b11547) Importer(815301076,1909f56bfc062723c751e8b465ee728b)
Start importing Assets/bullet4.png using Guid(e796a2e0896bb504db7fd46f64b11547) Importer(815301076,1909f56bfc062723c751e8b465ee728b)  -> (artifact id: '19419992e73e8720250fe7cc214d31fa') in 0.029843 seconds 
  Import took 0.059697 seconds .

========================================================================
Received Import Request.
  Time since last request: 0.000309 seconds.
  path: Assets/Enemy.png
  artifactKey: Guid(813fdb418281e894f8648f948b795060) Importer(815301076,1909f56bfc062723c751e8b465ee728b)
Start importing Assets/Enemy.png using Guid(813fdb418281e894f8648f948b795060) Importer(815301076,1909f56bfc062723c751e8b465ee728b)  -> (artifact id: '9842cdcc161c2baf066f73efd42e7b88') in 0.025315 seconds 
  Import took 0.071858 seconds .

========================================================================
Received Import Request.
  Time since last request: 0.000289 seconds.
  path: Assets/walls.png
  artifactKey: Guid(df8c36a4484c57d4d94eec71000d10a9) Importer(815301076,1909f56bfc062723c751e8b465ee728b)
Start importing Assets/walls.png using Guid(df8c36a4484c57d4d94eec71000d10a9) Importer(815301076,1909f56bfc062723c751e8b465ee728b)  -> (artifact id: 'ba4562a0c046afadfcf62c19e47fcf19') in 0.064526 seconds 
  Import took 0.068385 seconds .

========================================================================
Received Import Request.
  Time since last request: 0.000351 seconds.
  path: Assets/the_red_guardian.wav
  artifactKey: Guid(54b4eeafc14f2f4439bd054bf0af0fb0) Importer(815301076,1909f56bfc062723c751e8b465ee728b)
Start importing Assets/the_red_guardian.wav using Guid(54b4eeafc14f2f4439bd054bf0af0fb0) Importer(815301076,1909f56bfc062723c751e8b465ee728b)  -> (artifact id: 'e0b97eb25a852ee84720ad1f4ab54543') in 0.060266 seconds 
  Import took 0.077395 seconds .

========================================================================
Received Import Request.
  Time since last request: 0.000248 seconds.
  path: Assets/boss2.png
  artifactKey: Guid(d2dd3f97a8e27f6428564213dc835625) Importer(815301076,1909f56bfc062723c751e8b465ee728b)
Start importing Assets/boss2.png using Guid(d2dd3f97a8e27f6428564213dc835625) Importer(815301076,1909f56bfc062723c751e8b465ee728b)  -> (artifact id: '8c8d1723194995954e1f09aa3785d236') in 0.023337 seconds 
  Import took 0.027857 seconds .

========================================================================
Received Import Request.
  Time since last request: 0.000470 seconds.
  path: Assets/Player.png
  artifactKey: Guid(beec8f7440e2add46b277b09ec6704fa) Importer(815301076,1909f56bfc062723c751e8b465ee728b)
Start importing Assets/Player.png using Guid(beec8f7440e2add46b277b09ec6704fa) Importer(815301076,1909f56bfc062723c751e8b465ee728b)  -> (artifact id: '9df2d941c0f99cdfd67ce05afa7726a2') in 0.120907 seconds 
  Import took 0.149798 seconds .

========================================================================
Received Import Request.
  Time since last request: 0.000301 seconds.
  path: Assets/bullet2.png
  artifactKey: Guid(1460e78ab79a82c45b337611577eb9c1) Importer(815301076,1909f56bfc062723c751e8b465ee728b)
Start importing Assets/bullet2.png using Guid(1460e78ab79a82c45b337611577eb9c1) Importer(815301076,1909f56bfc062723c751e8b465ee728b)  -> (artifact id: '689dd94af444352af9ee5f83ef69d700') in 0.039872 seconds 
  Import took 0.062032 seconds .

========================================================================
Received Import Request.
  Time since last request: 0.000248 seconds.
  path: Assets/TX Tileset Grass.png
  artifactKey: Guid(7c2e9113305fd2146bfa05f62049e711) Importer(815301076,1909f56bfc062723c751e8b465ee728b)
Start importing Assets/TX Tileset Grass.png using Guid(7c2e9113305fd2146bfa05f62049e711) Importer(815301076,1909f56bfc062723c751e8b465ee728b)  -> (artifact id: '7702c3eff65ff1d737beaced2713079a') in 0.051967 seconds 
  Import took 0.070485 seconds .

========================================================================
Received Import Request.
  Time since last request: 0.000337 seconds.
  path: Assets/bullet6.png
  artifactKey: Guid(0e1a644869bdfc547830f28164d38917) Importer(815301076,1909f56bfc062723c751e8b465ee728b)
Start importing Assets/bullet6.png using Guid(0e1a644869bdfc547830f28164d38917) Importer(815301076,1909f56bfc062723c751e8b465ee728b)  -> (artifact id: '0484e4ff909639f86b6908418bd05cbf') in 0.039888 seconds 
  Import took 0.044831 seconds .

========================================================================
Received Import Request.
  Time since last request: 0.000341 seconds.
  path: Assets/TX Tileset Stone Ground.png
  artifactKey: Guid(2d14d54fcd6559e42b2f7a7656157206) Importer(815301076,1909f56bfc062723c751e8b465ee728b)
Start importing Assets/TX Tileset Stone Ground.png using Guid(2d14d54fcd6559e42b2f7a7656157206) Importer(815301076,1909f56bfc062723c751e8b465ee728b)  -> (artifact id: '945eaeb970a5f19ac5ee68779a9ddbf2') in 0.741102 seconds 
  Import took 0.745305 seconds .

========================================================================
Received Import Request.
  Time since last request: 0.000395 seconds.
  path: Assets/bullet5.png
  artifactKey: Guid(29917cf4be20d1540b33ffda2a777108) Importer(815301076,1909f56bfc062723c751e8b465ee728b)
Start importing Assets/bullet5.png using Guid(29917cf4be20d1540b33ffda2a777108) Importer(815301076,1909f56bfc062723c751e8b465ee728b)  -> (artifact id: '907ff0cabe99819aa580cbb0e60116d6') in 0.052326 seconds 
  Import took 0.082039 seconds .

========================================================================
Received Import Request.
  Time since last request: 0.000306 seconds.
  path: Assets/bullet9.png
  artifactKey: Guid(3ac9d65124078774aa83489effb1814b) Importer(815301076,1909f56bfc062723c751e8b465ee728b)
Start importing Assets/bullet9.png using Guid(3ac9d65124078774aa83489effb1814b) Importer(815301076,1909f56bfc062723c751e8b465ee728b)  -> (artifact id: 'b103103c361a209e1d230733b9d46a35') in 0.014835 seconds 
  Import took 0.019030 seconds .

========================================================================
Received Import Request.
  Time since last request: 17.205235 seconds.
  path: Assets/Scripts
  artifactKey: Guid(5c11859c5767dd449a5343719f328634) Importer(815301076,1909f56bfc062723c751e8b465ee728b)
Start importing Assets/Scripts using Guid(5c11859c5767dd449a5343719f328634) Importer(815301076,1909f56bfc062723c751e8b465ee728b)  -> (artifact id: '41a61a5de840bac04844128a5dad4137') in 0.003668 seconds 
  Import took 0.033958 seconds .

========================================================================
Received Prepare
Registering precompiled user dll's ...
Registered in 0.006859 seconds.
Begin MonoManager ReloadAssembly
Native extension for WindowsStandalone target not found
Native extension for WebGL target not found
Refreshing native plugins compatible for Editor in 0.54 ms, found 3 plugins.
Preloading 0 native plugins for Editor in 0.00 ms.
Mono: successfully reloaded assembly
- Completed reload, in  1.099 seconds
Domain Reload Profiling:
	ReloadAssembly (1099ms)
		BeginReloadAssembly (176ms)
			ExecutionOrderSort (0ms)
			DisableScriptedObjects (6ms)
			BackupInstance (0ms)
			ReleaseScriptingObjects (0ms)
			CreateAndSetChildDomain (40ms)
		EndReloadAssembly (866ms)
			LoadAssemblies (162ms)
			RebuildTransferFunctionScriptingTraits (0ms)
			SetupTypeCache (311ms)
			ReleaseScriptCaches (1ms)
			RebuildScriptCaches (43ms)
			SetupLoadedEditorAssemblies (313ms)
				LogAssemblyErrors (0ms)
				InitializePlatformSupportModulesInManaged (6ms)
				SetLoadedEditorAssemblies (0ms)
				RefreshPlugins (1ms)
				BeforeProcessingInitializeOnLoad (90ms)
				ProcessInitializeOnLoadAttributes (203ms)
				ProcessInitializeOnLoadMethodAttributes (11ms)
				AfterProcessingInitializeOnLoad (2ms)
				EditorAssembliesLoaded (0ms)
			ExecutionOrderSort2 (0ms)
			AwakeInstancesAfterBackupRestoration (9ms)
Platform modules already initialized, skipping
Refreshing native plugins compatible for Editor in 0.53 ms, found 3 plugins.
Preloading 0 native plugins for Editor in 0.00 ms.
Unloading 2482 Unused Serialized files (Serialized files now loaded: 0)
System memory in use before: 109.6 MB.
System memory in use after: 109.9 MB.

Unloading 19 unused Assets to reduce memory usage. Loaded Objects now: 2997.
Total: 3.074900 ms (FindLiveObjects: 0.271500 ms CreateObjectMapping: 0.118300 ms MarkObjects: 2.652600 ms  DeleteObjects: 0.031600 ms)

AssetImportParameters requested are different than current active one (requested -> active):
  custom:framework-win-MediaFoundation: 216162199b28c13a410421893ffa2e32 -> 
  custom:video-decoder-ogg-theora: a1e56fd34408186e4bbccfd4996cb3dc -> 
  custom:container-muxer-webm: aa71ff27fc2769a1b78a27578f13a17b -> 
  custom:container-demuxer-webm: 4f35f7cbe854078d1ac9338744f61a02 -> 
  custom:container-demuxer-ogg: 62fdf1f143b41e24485cea50d1cbac27 -> 
  custom:video-encoder-webm-vp8: eb34c28f22e8b96e1ab97ce403110664 -> 
  custom:video-decoder-webm-vp8: 9c59270c3fd7afecdb556c50c9e8de78 -> 
  custom:audio-decoder-ogg-vorbis: bf7c407c2cedff20999df2af8eb42d56 -> 
  custom:audio-encoder-webm-vorbis: bf7c407c2cedff20999df2af8eb42d56 -> 
========================================================================
Received Import Request.
  Time since last request: 13.328848 seconds.
  path: Assets/AgroRangeBoss3Part2.cs
  artifactKey: Guid(8eba51a3d5cdaf54f9080031d7d00c4e) Importer(815301076,1909f56bfc062723c751e8b465ee728b)
Start importing Assets/AgroRangeBoss3Part2.cs using Guid(8eba51a3d5cdaf54f9080031d7d00c4e) Importer(815301076,1909f56bfc062723c751e8b465ee728b)  -> (artifact id: '731e0ef47b5b167da9a02d47a6d6c7f2') in 0.016091 seconds 
  Import took 0.037927 seconds .

AssetImportWorkerClient::OnTransportError - code=2 error=End of file
